<?xml version="1.0" encoding="UTF-8"?>
<testsuite name="com.example.CheatingStamp.CheatingStampApplicationTests" tests="1" skipped="0" failures="0" errors="0" timestamp="2021-07-30T16:09:34" hostname="DESKTOP-G062TJT" time="0.132">
  <properties/>
  <testcase name="contextLoads()" classname="com.example.CheatingStamp.CheatingStampApplicationTests" time="0.132"/>
  <system-out><![CDATA[01:09:30.601 [Test worker] DEBUG org.springframework.test.context.BootstrapUtils - Instantiating CacheAwareContextLoaderDelegate from class [org.springframework.test.context.cache.DefaultCacheAwareContextLoaderDelegate]
01:09:30.610 [Test worker] DEBUG org.springframework.test.context.BootstrapUtils - Instantiating BootstrapContext using constructor [public org.springframework.test.context.support.DefaultBootstrapContext(java.lang.Class,org.springframework.test.context.CacheAwareContextLoaderDelegate)]
01:09:30.636 [Test worker] DEBUG org.springframework.test.context.BootstrapUtils - Instantiating TestContextBootstrapper for test class [com.example.CheatingStamp.CheatingStampApplicationTests] from class [org.springframework.boot.test.context.SpringBootTestContextBootstrapper]
01:09:30.645 [Test worker] INFO org.springframework.boot.test.context.SpringBootTestContextBootstrapper - Neither @ContextConfiguration nor @ContextHierarchy found for test class [com.example.CheatingStamp.CheatingStampApplicationTests], using SpringBootContextLoader
01:09:30.648 [Test worker] DEBUG org.springframework.test.context.support.AbstractContextLoader - Did not detect default resource location for test class [com.example.CheatingStamp.CheatingStampApplicationTests]: class path resource [com/example/CheatingStamp/CheatingStampApplicationTests-context.xml] does not exist
01:09:30.649 [Test worker] DEBUG org.springframework.test.context.support.AbstractContextLoader - Did not detect default resource location for test class [com.example.CheatingStamp.CheatingStampApplicationTests]: class path resource [com/example/CheatingStamp/CheatingStampApplicationTestsContext.groovy] does not exist
01:09:30.649 [Test worker] INFO org.springframework.test.context.support.AbstractContextLoader - Could not detect default resource locations for test class [com.example.CheatingStamp.CheatingStampApplicationTests]: no resource found for suffixes {-context.xml, Context.groovy}.
01:09:30.649 [Test worker] INFO org.springframework.test.context.support.AnnotationConfigContextLoaderUtils - Could not detect default configuration classes for test class [com.example.CheatingStamp.CheatingStampApplicationTests]: CheatingStampApplicationTests does not declare any static, non-private, non-final, nested classes annotated with @Configuration.
01:09:30.684 [Test worker] DEBUG org.springframework.test.context.support.ActiveProfilesUtils - Could not find an 'annotation declaring class' for annotation type [org.springframework.test.context.ActiveProfiles] and class [com.example.CheatingStamp.CheatingStampApplicationTests]
01:09:30.735 [Test worker] DEBUG org.springframework.context.annotation.ClassPathScanningCandidateComponentProvider - Identified candidate component class: file [D:\jolp\Cheating-Stamp\build\classes\java\main\com\example\CheatingStamp\CheatingStampApplication.class]
01:09:30.737 [Test worker] INFO org.springframework.boot.test.context.SpringBootTestContextBootstrapper - Found @SpringBootConfiguration com.example.CheatingStamp.CheatingStampApplication for test class com.example.CheatingStamp.CheatingStampApplicationTests
01:09:30.808 [Test worker] DEBUG org.springframework.boot.test.context.SpringBootTestContextBootstrapper - @TestExecutionListeners is not present for class [com.example.CheatingStamp.CheatingStampApplicationTests]: using defaults.
01:09:30.809 [Test worker] INFO org.springframework.boot.test.context.SpringBootTestContextBootstrapper - Loaded default TestExecutionListener class names from location [META-INF/spring.factories]: [org.springframework.boot.test.autoconfigure.restdocs.RestDocsTestExecutionListener, org.springframework.boot.test.autoconfigure.web.client.MockRestServiceServerResetTestExecutionListener, org.springframework.boot.test.autoconfigure.web.servlet.MockMvcPrintOnlyOnFailureTestExecutionListener, org.springframework.boot.test.autoconfigure.web.servlet.WebDriverTestExecutionListener, org.springframework.boot.test.autoconfigure.webservices.client.MockWebServiceServerTestExecutionListener, org.springframework.boot.test.mock.mockito.MockitoTestExecutionListener, org.springframework.boot.test.mock.mockito.ResetMocksTestExecutionListener, org.springframework.test.context.web.ServletTestExecutionListener, org.springframework.test.context.support.DirtiesContextBeforeModesTestExecutionListener, org.springframework.test.context.event.ApplicationEventsTestExecutionListener, org.springframework.test.context.support.DependencyInjectionTestExecutionListener, org.springframework.test.context.support.DirtiesContextTestExecutionListener, org.springframework.test.context.transaction.TransactionalTestExecutionListener, org.springframework.test.context.jdbc.SqlScriptsTestExecutionListener, org.springframework.test.context.event.EventPublishingTestExecutionListener]
01:09:30.822 [Test worker] INFO org.springframework.boot.test.context.SpringBootTestContextBootstrapper - Using TestExecutionListeners: [org.springframework.test.context.web.ServletTestExecutionListener@3cd6836e, org.springframework.test.context.support.DirtiesContextBeforeModesTestExecutionListener@1e8d97f2, org.springframework.test.context.event.ApplicationEventsTestExecutionListener@b033a98, org.springframework.boot.test.mock.mockito.MockitoTestExecutionListener@6dd1a6b, org.springframework.boot.test.autoconfigure.SpringBootDependencyInjectionTestExecutionListener@e98242d, org.springframework.test.context.support.DirtiesContextTestExecutionListener@7c58000b, org.springframework.test.context.transaction.TransactionalTestExecutionListener@6e9d22e2, org.springframework.test.context.jdbc.SqlScriptsTestExecutionListener@7d6318, org.springframework.test.context.event.EventPublishingTestExecutionListener@4f8b8676, org.springframework.boot.test.autoconfigure.restdocs.RestDocsTestExecutionListener@736f9fd4, org.springframework.boot.test.autoconfigure.web.client.MockRestServiceServerResetTestExecutionListener@74622969, org.springframework.boot.test.autoconfigure.web.servlet.MockMvcPrintOnlyOnFailureTestExecutionListener@1f6cf15e, org.springframework.boot.test.autoconfigure.web.servlet.WebDriverTestExecutionListener@c476cf3, org.springframework.boot.test.autoconfigure.webservices.client.MockWebServiceServerTestExecutionListener@3d9c390, org.springframework.boot.test.mock.mockito.ResetMocksTestExecutionListener@66158be3]
01:09:30.825 [Test worker] DEBUG org.springframework.test.context.support.AbstractDirtiesContextTestExecutionListener - Before test class: context [DefaultTestContext@7b98455a testClass = CheatingStampApplicationTests, testInstance = [null], testMethod = [null], testException = [null], mergedContextConfiguration = [WebMergedContextConfiguration@38704bda testClass = CheatingStampApplicationTests, locations = '{}', classes = '{class com.example.CheatingStamp.CheatingStampApplication}', contextInitializerClasses = '[]', activeProfiles = '{}', propertySourceLocations = '{}', propertySourceProperties = '{org.springframework.boot.test.context.SpringBootTestContextBootstrapper=true}', contextCustomizers = set[org.springframework.boot.test.autoconfigure.actuate.metrics.MetricsExportContextCustomizerFactory$DisableMetricExportContextCustomizer@3b4b5ede, org.springframework.boot.test.autoconfigure.properties.PropertyMappingContextCustomizer@0, org.springframework.boot.test.autoconfigure.web.servlet.WebDriverContextCustomizerFactory$Customizer@38381651, org.springframework.boot.test.context.filter.ExcludeFilterContextCustomizer@507dc90, org.springframework.boot.test.json.DuplicateJsonObjectContextCustomizerFactory$DuplicateJsonObjectContextCustomizer@67cf9a34, org.springframework.boot.test.mock.mockito.MockitoContextCustomizer@0, org.springframework.boot.test.web.client.TestRestTemplateContextCustomizer@6b4c3b36, org.springframework.boot.test.context.SpringBootTestArgs@1, org.springframework.boot.test.context.SpringBootTestWebEnvironment@63203134], resourceBasePath = 'src/main/webapp', contextLoader = 'org.springframework.boot.test.context.SpringBootContextLoader', parent = [null]], attributes = map['org.springframework.test.context.web.ServletTestExecutionListener.activateListener' -> true]], class annotated with @DirtiesContext [false] with mode [null].
01:09:30.850 [Test worker] DEBUG org.springframework.test.context.support.TestPropertySourceUtils - Adding inlined properties to environment: {spring.jmx.enabled=false, org.springframework.boot.test.context.SpringBootTestContextBootstrapper=true}

  .   ____          _            __ _ _
 /\\ / ___'_ __ _ _(_)_ __  __ _ \ \ \ \
( ( )\___ | '_ | '_| | '_ \/ _` | \ \ \ \
 \\/  ___)| |_)| | | | | || (_| |  ) ) ) )
  '  |____| .__|_| |_|_| |_\__, | / / / /
 =========|_|==============|___/=/_/_/_/
 :: Spring Boot ::                (v2.5.3)

2021-07-31 01:09:31.068  INFO 3020 --- [    Test worker] c.e.C.CheatingStampApplicationTests      : Starting CheatingStampApplicationTests using Java 15.0.1 on DESKTOP-G062TJT with PID 3020 (started by po in D:\jolp\Cheating-Stamp)
2021-07-31 01:09:31.071  INFO 3020 --- [    Test worker] c.e.C.CheatingStampApplicationTests      : No active profile set, falling back to default profiles: default
2021-07-31 01:09:31.655  INFO 3020 --- [    Test worker] .s.d.r.c.RepositoryConfigurationDelegate : Bootstrapping Spring Data JPA repositories in DEFAULT mode.
2021-07-31 01:09:31.698  INFO 3020 --- [    Test worker] .s.d.r.c.RepositoryConfigurationDelegate : Finished Spring Data repository scanning in 36 ms. Found 1 JPA repository interfaces.
2021-07-31 01:09:32.135  INFO 3020 --- [    Test worker] com.zaxxer.hikari.HikariDataSource       : HikariPool-1 - Starting...
2021-07-31 01:09:32.271  INFO 3020 --- [    Test worker] com.zaxxer.hikari.HikariDataSource       : HikariPool-1 - Start completed.
2021-07-31 01:09:32.334  INFO 3020 --- [    Test worker] o.hibernate.jpa.internal.util.LogHelper  : HHH000204: Processing PersistenceUnitInfo [name: default]
2021-07-31 01:09:32.387  INFO 3020 --- [    Test worker] org.hibernate.Version                    : HHH000412: Hibernate ORM core version 5.4.32.Final
2021-07-31 01:09:32.572  INFO 3020 --- [    Test worker] o.hibernate.annotations.common.Version   : HCANN000001: Hibernate Commons Annotations {5.1.2.Final}
2021-07-31 01:09:32.743  INFO 3020 --- [    Test worker] org.hibernate.dialect.Dialect            : HHH000400: Using dialect: org.hibernate.dialect.H2Dialect
2021-07-31 01:09:33.266  INFO 3020 --- [    Test worker] o.h.e.t.j.p.i.JtaPlatformInitiator       : HHH000490: Using JtaPlatform implementation: [org.hibernate.engine.transaction.jta.platform.internal.NoJtaPlatform]
2021-07-31 01:09:33.275  INFO 3020 --- [    Test worker] j.LocalContainerEntityManagerFactoryBean : Initialized JPA EntityManagerFactory for persistence unit 'default'
2021-07-31 01:09:33.394  WARN 3020 --- [    Test worker] JpaBaseConfiguration$JpaWebConfiguration : spring.jpa.open-in-view is enabled by default. Therefore, database queries may be performed during view rendering. Explicitly configure spring.jpa.open-in-view to disable this warning
2021-07-31 01:09:34.068  INFO 3020 --- [    Test worker] o.s.s.web.DefaultSecurityFilterChain     : Will secure any request with [org.springframework.security.web.context.request.async.WebAsyncManagerIntegrationFilter@31c8ffa1, org.springframework.security.web.context.SecurityContextPersistenceFilter@40253a76, org.springframework.security.web.header.HeaderWriterFilter@17dcad03, org.springframework.security.web.authentication.logout.LogoutFilter@25562810, org.springframework.security.web.authentication.UsernamePasswordAuthenticationFilter@3078ad57, org.springframework.security.web.savedrequest.RequestCacheAwareFilter@5ae85043, org.springframework.security.web.servletapi.SecurityContextHolderAwareRequestFilter@64d04aeb, org.springframework.security.web.authentication.AnonymousAuthenticationFilter@33a0435e, org.springframework.security.web.session.SessionManagementFilter@160fdc02, org.springframework.security.web.access.ExceptionTranslationFilter@78f42ac1, org.springframework.security.web.access.intercept.FilterSecurityInterceptor@640c2635]
2021-07-31 01:09:34.451  INFO 3020 --- [    Test worker] o.s.b.a.h2.H2ConsoleAutoConfiguration    : H2 console available at '/h2-console'. Database available at 'jdbc:h2:mem:testdb'
2021-07-31 01:09:34.496  INFO 3020 --- [    Test worker] o.s.b.a.w.s.WelcomePageHandlerMapping    : Adding welcome page: class path resource [static/index.html]
2021-07-31 01:09:34.742  INFO 3020 --- [    Test worker] c.e.C.CheatingStampApplicationTests      : Started CheatingStampApplicationTests in 3.887 seconds (JVM running for 4.854)
]]></system-out>
  <system-err><![CDATA[]]></system-err>
</testsuite>
